Initialize engine version: 5.6.1f1 (2860b30f0b54)
GfxDevice: creating device client; threaded=1
Direct3D:
    Version:  Direct3D 11.0 [level 11.0]
    Renderer: NVIDIA GeForce GTX 770 (ID=0x1184)
    Vendor:   NVIDIA
    VRAM:     2017 MB
    Driver:   22.21.13.8494
Begin MonoManager ReloadAssembly
Platform assembly: C:\Users\Hao\Desktop\Dropbox\game_project\Thicker Than Blood\Thicker Than Blood.sln_Data\Managed\UnityEngine.dll (this message is harmless)
Loading C:\Users\Hao\Desktop\Dropbox\game_project\Thicker Than Blood\Thicker Than Blood.sln_Data\Managed\UnityEngine.dll into Unity Child Domain
Platform assembly: C:\Users\Hao\Desktop\Dropbox\game_project\Thicker Than Blood\Thicker Than Blood.sln_Data\Managed\Assembly-CSharp.dll (this message is harmless)
Loading C:\Users\Hao\Desktop\Dropbox\game_project\Thicker Than Blood\Thicker Than Blood.sln_Data\Managed\Assembly-CSharp.dll into Unity Child Domain
Platform assembly: C:\Users\Hao\Desktop\Dropbox\game_project\Thicker Than Blood\Thicker Than Blood.sln_Data\Managed\UnityEngine.UI.dll (this message is harmless)
Loading C:\Users\Hao\Desktop\Dropbox\game_project\Thicker Than Blood\Thicker Than Blood.sln_Data\Managed\UnityEngine.UI.dll into Unity Child Domain
Platform assembly: C:\Users\Hao\Desktop\Dropbox\game_project\Thicker Than Blood\Thicker Than Blood.sln_Data\Managed\UnityEngine.Networking.dll (this message is harmless)
Loading C:\Users\Hao\Desktop\Dropbox\game_project\Thicker Than Blood\Thicker Than Blood.sln_Data\Managed\UnityEngine.Networking.dll into Unity Child Domain
Platform assembly: C:\Users\Hao\Desktop\Dropbox\game_project\Thicker Than Blood\Thicker Than Blood.sln_Data\Managed\UnityEngine.Analytics.dll (this message is harmless)
Loading C:\Users\Hao\Desktop\Dropbox\game_project\Thicker Than Blood\Thicker Than Blood.sln_Data\Managed\UnityEngine.Analytics.dll into Unity Child Domain
- Completed reload, in  0.028 seconds
Platform assembly: C:\Users\Hao\Desktop\Dropbox\game_project\Thicker Than Blood\Thicker Than Blood.sln_Data\Managed\System.Core.dll (this message is harmless)
Platform assembly: C:\Users\Hao\Desktop\Dropbox\game_project\Thicker Than Blood\Thicker Than Blood.sln_Data\Managed\System.dll (this message is harmless)
desktop: 1600x900 60Hz; virtual: 1600x900 at 0,0
<RI> Initializing input.
<RI> Input initialized.
<RI> Initialized touch support.
UnloadTime: 2.842221 ms
Setting up 4 worker threads for Enlighten.
  Thread -> id: 1a4 -> priority: 1 
  Thread -> id: 2d98 -> priority: 1 
  Thread -> id: 1a94 -> priority: 1 
  Thread -> id: 1fb8 -> priority: 1 
open SAPE
 
(Filename: C:/buildslave/unity/build/artifacts/generated/common/runtime/DebugBindings.gen.cpp Line: 51)

ArgumentOutOfRangeException: Argument is out of range.
Parameter name: index
  at System.Collections.Generic.List`1[BaseState].get_Item (Int32 index) [0x00000] in <filename unknown>:0 
  at Selection.getInteraction () [0x00000] in <filename unknown>:0 
  at Selection.Update () [0x00000] in <filename unknown>:0 
 
(Filename:  Line: -1)

open SAPE
 
(Filename: C:/buildslave/unity/build/artifacts/generated/common/runtime/DebugBindings.gen.cpp Line: 51)

ArgumentOutOfRangeException: Argument is out of range.
Parameter name: index
  at System.Collections.Generic.List`1[BaseState].get_Item (Int32 index) [0x00000] in <filename unknown>:0 
  at Selection.getInteraction () [0x00000] in <filename unknown>:0 
  at Selection.Update () [0x00000] in <filename unknown>:0 
 
(Filename:  Line: -1)

open SAPE
 
(Filename: C:/buildslave/unity/build/artifacts/generated/common/runtime/DebugBindings.gen.cpp Line: 51)

ArgumentOutOfRangeException: Argument is out of range.
Parameter name: index
  at System.Collections.Generic.List`1[BaseState].get_Item (Int32 index) [0x00000] in <filename unknown>:0 
  at Selection.getInteraction () [0x00000] in <filename unknown>:0 
  at Selection.Update () [0x00000] in <filename unknown>:0 
 
(Filename:  Line: -1)

open SAPE
 
(Filename: C:/buildslave/unity/build/artifacts/generated/common/runtime/DebugBindings.gen.cpp Line: 51)

ArgumentOutOfRangeException: Argument is out of range.
Parameter name: index
  at System.Collections.Generic.List`1[BaseState].get_Item (Int32 index) [0x00000] in <filename unknown>:0 
  at Selection.getInteraction () [0x00000] in <filename unknown>:0 
  at Selection.Update () [0x00000] in <filename unknown>:0 
 
(Filename:  Line: -1)

open SAPE
 
(Filename: C:/buildslave/unity/build/artifacts/generated/common/runtime/DebugBindings.gen.cpp Line: 51)

ArgumentOutOfRangeException: Argument is out of range.
Parameter name: index
  at System.Collections.Generic.List`1[BaseState].get_Item (Int32 index) [0x00000] in <filename unknown>:0 
  at Selection.getInteraction () [0x00000] in <filename unknown>:0 
  at Selection.Update () [0x00000] in <filename unknown>:0 
 
(Filename:  Line: -1)

open SAPE
 
(Filename: C:/buildslave/unity/build/artifacts/generated/common/runtime/DebugBindings.gen.cpp Line: 51)

ArgumentOutOfRangeException: Argument is out of range.
Parameter name: index
  at System.Collections.Generic.List`1[BaseState].get_Item (Int32 index) [0x00000] in <filename unknown>:0 
  at Selection.getInteraction () [0x00000] in <filename unknown>:0 
  at Selection.Update () [0x00000] in <filename unknown>:0 
 
(Filename:  Line: -1)

open SAPE
 
(Filename: C:/buildslave/unity/build/artifacts/generated/common/runtime/DebugBindings.gen.cpp Line: 51)

ArgumentOutOfRangeException: Argument is out of range.
Parameter name: index
  at System.Collections.Generic.List`1[BaseState].get_Item (Int32 index) [0x00000] in <filename unknown>:0 
  at Selection.getInteraction () [0x00000] in <filename unknown>:0 
  at Selection.Update () [0x00000] in <filename unknown>:0 
 
(Filename:  Line: -1)

open SAPE
 
(Filename: C:/buildslave/unity/build/artifacts/generated/common/runtime/DebugBindings.gen.cpp Line: 51)

ArgumentOutOfRangeException: Argument is out of range.
Parameter name: index
  at System.Collections.Generic.List`1[BaseState].get_Item (Int32 index) [0x00000] in <filename unknown>:0 
  at Selection.getInteraction () [0x00000] in <filename unknown>:0 
  at Selection.Update () [0x00000] in <filename unknown>:0 
 
(Filename:  Line: -1)

open SAPE
 
(Filename: C:/buildslave/unity/build/artifacts/generated/common/runtime/DebugBindings.gen.cpp Line: 51)

ArgumentOutOfRangeException: Argument is out of range.
Parameter name: index
  at System.Collections.Generic.List`1[BaseState].get_Item (Int32 index) [0x00000] in <filename unknown>:0 
  at Selection.getInteraction () [0x00000] in <filename unknown>:0 
  at Selection.Update () [0x00000] in <filename unknown>:0 
 
(Filename:  Line: -1)

open SAPE
 
(Filename: C:/buildslave/unity/build/artifacts/generated/common/runtime/DebugBindings.gen.cpp Line: 51)

ArgumentOutOfRangeException: Argument is out of range.
Parameter name: index
  at System.Collections.Generic.List`1[BaseState].get_Item (Int32 index) [0x00000] in <filename unknown>:0 
  at Selection.getInteraction () [0x00000] in <filename unknown>:0 
  at Selection.Update () [0x00000] in <filename unknown>:0 
 
(Filename:  Line: -1)

open SAPE
 
(Filename: C:/buildslave/unity/build/artifacts/generated/common/runtime/DebugBindings.gen.cpp Line: 51)

ArgumentOutOfRangeException: Argument is out of range.
Parameter name: index
  at System.Collections.Generic.List`1[BaseState].get_Item (Int32 index) [0x00000] in <filename unknown>:0 
  at Selection.getInteraction () [0x00000] in <filename unknown>:0 
  at Selection.Update () [0x00000] in <filename unknown>:0 
 
(Filename:  Line: -1)

open SAPE
 
(Filename: C:/buildslave/unity/build/artifacts/generated/common/runtime/DebugBindings.gen.cpp Line: 51)

ArgumentOutOfRangeException: Argument is out of range.
Parameter name: index
  at System.Collections.Generic.List`1[BaseState].get_Item (Int32 index) [0x00000] in <filename unknown>:0 
  at Selection.getInteraction () [0x00000] in <filename unknown>:0 
  at Selection.Update () [0x00000] in <filename unknown>:0 
 
(Filename:  Line: -1)

open SAPE
 
(Filename: C:/buildslave/unity/build/artifacts/generated/common/runtime/DebugBindings.gen.cpp Line: 51)

ArgumentOutOfRangeException: Argument is out of range.
Parameter name: index
  at System.Collections.Generic.List`1[BaseState].get_Item (Int32 index) [0x00000] in <filename unknown>:0 
  at Selection.getInteraction () [0x00000] in <filename unknown>:0 
  at Selection.Update () [0x00000] in <filename unknown>:0 
 
(Filename:  Line: -1)

open SAPE
 
(Filename: C:/buildslave/unity/build/artifacts/generated/common/runtime/DebugBindings.gen.cpp Line: 51)

ArgumentOutOfRangeException: Argument is out of range.
Parameter name: index
  at System.Collections.Generic.List`1[BaseState].get_Item (Int32 index) [0x00000] in <filename unknown>:0 
  at Selection.getInteraction () [0x00000] in <filename unknown>:0 
  at Selection.Update () [0x00000] in <filename unknown>:0 
 
(Filename:  Line: -1)

open SAPE
 
(Filename: C:/buildslave/unity/build/artifacts/generated/common/runtime/DebugBindings.gen.cpp Line: 51)

ArgumentOutOfRangeException: Argument is out of range.
Parameter name: index
  at System.Collections.Generic.List`1[BaseState].get_Item (Int32 index) [0x00000] in <filename unknown>:0 
  at Selection.getInteraction () [0x00000] in <filename unknown>:0 
  at Selection.Update () [0x00000] in <filename unknown>:0 
 
(Filename:  Line: -1)

open SAPE
 
(Filename: C:/buildslave/unity/build/artifacts/generated/common/runtime/DebugBindings.gen.cpp Line: 51)

ArgumentOutOfRangeException: Argument is out of range.
Parameter name: index
  at System.Collections.Generic.List`1[BaseState].get_Item (Int32 index) [0x00000] in <filename unknown>:0 
  at Selection.getInteraction () [0x00000] in <filename unknown>:0 
  at Selection.Update () [0x00000] in <filename unknown>:0 
 
(Filename:  Line: -1)

open SAPE
 
(Filename: C:/buildslave/unity/build/artifacts/generated/common/runtime/DebugBindings.gen.cpp Line: 51)

ArgumentOutOfRangeException: Argument is out of range.
Parameter name: index
  at System.Collections.Generic.List`1[BaseState].get_Item (Int32 index) [0x00000] in <filename unknown>:0 
  at Selection.getInteraction () [0x00000] in <filename unknown>:0 
  at Selection.Update () [0x00000] in <filename unknown>:0 
 
(Filename:  Line: -1)

open SAPE
 
(Filename: C:/buildslave/unity/build/artifacts/generated/common/runtime/DebugBindings.gen.cpp Line: 51)

ArgumentOutOfRangeException: Argument is out of range.
Parameter name: index
  at System.Collections.Generic.List`1[BaseState].get_Item (Int32 index) [0x00000] in <filename unknown>:0 
  at Selection.getInteraction () [0x00000] in <filename unknown>:0 
  at Selection.Update () [0x00000] in <filename unknown>:0 
 
(Filename:  Line: -1)

open SAPE
 
(Filename: C:/buildslave/unity/build/artifacts/generated/common/runtime/DebugBindings.gen.cpp Line: 51)

ArgumentOutOfRangeException: Argument is out of range.
Parameter name: index
  at System.Collections.Generic.List`1[BaseState].get_Item (Int32 index) [0x00000] in <filename unknown>:0 
  at Selection.getInteraction () [0x00000] in <filename unknown>:0 
  at Selection.Update () [0x00000] in <filename unknown>:0 
 
(Filename:  Line: -1)

open SAPE
 
(Filename: C:/buildslave/unity/build/artifacts/generated/common/runtime/DebugBindings.gen.cpp Line: 51)

ArgumentOutOfRangeException: Argument is out of range.
Parameter name: index
  at System.Collections.Generic.List`1[BaseState].get_Item (Int32 index) [0x00000] in <filename unknown>:0 
  at Selection.getInteraction () [0x00000] in <filename unknown>:0 
  at Selection.Update () [0x00000] in <filename unknown>:0 
 
(Filename:  Line: -1)

open SAPE
 
(Filename: C:/buildslave/unity/build/artifacts/generated/common/runtime/DebugBindings.gen.cpp Line: 51)

ArgumentOutOfRangeException: Argument is out of range.
Parameter name: index
  at System.Collections.Generic.List`1[BaseState].get_Item (Int32 index) [0x00000] in <filename unknown>:0 
  at Selection.getInteraction () [0x00000] in <filename unknown>:0 
  at Selection.Update () [0x00000] in <filename unknown>:0 
 
(Filename:  Line: -1)

open SAPE
 
(Filename: C:/buildslave/unity/build/artifacts/generated/common/runtime/DebugBindings.gen.cpp Line: 51)

ArgumentOutOfRangeException: Argument is out of range.
Parameter name: index
  at System.Collections.Generic.List`1[BaseState].get_Item (Int32 index) [0x00000] in <filename unknown>:0 
  at Selection.getInteraction () [0x00000] in <filename unknown>:0 
  at Selection.Update () [0x00000] in <filename unknown>:0 
 
(Filename:  Line: -1)

open SAPE
 
(Filename: C:/buildslave/unity/build/artifacts/generated/common/runtime/DebugBindings.gen.cpp Line: 51)

ArgumentOutOfRangeException: Argument is out of range.
Parameter name: index
  at System.Collections.Generic.List`1[BaseState].get_Item (Int32 index) [0x00000] in <filename unknown>:0 
  at Selection.getInteraction () [0x00000] in <filename unknown>:0 
  at Selection.Update () [0x00000] in <filename unknown>:0 
 
(Filename:  Line: -1)

open SAPE
 
(Filename: C:/buildslave/unity/build/artifacts/generated/common/runtime/DebugBindings.gen.cpp Line: 51)

ArgumentOutOfRangeException: Argument is out of range.
Parameter name: index
  at System.Collections.Generic.List`1[BaseState].get_Item (Int32 index) [0x00000] in <filename unknown>:0 
  at Selection.getInteraction () [0x00000] in <filename unknown>:0 
  at Selection.Update () [0x00000] in <filename unknown>:0 
 
(Filename:  Line: -1)

open SAPE
 
(Filename: C:/buildslave/unity/build/artifacts/generated/common/runtime/DebugBindings.gen.cpp Line: 51)

ArgumentOutOfRangeException: Argument is out of range.
Parameter name: index
  at System.Collections.Generic.List`1[BaseState].get_Item (Int32 index) [0x00000] in <filename unknown>:0 
  at Selection.getInteraction () [0x00000] in <filename unknown>:0 
  at Selection.Update () [0x00000] in <filename unknown>:0 
 
(Filename:  Line: -1)

open SAPE
 
(Filename: C:/buildslave/unity/build/artifacts/generated/common/runtime/DebugBindings.gen.cpp Line: 51)

ArgumentOutOfRangeException: Argument is out of range.
Parameter name: index
  at System.Collections.Generic.List`1[BaseState].get_Item (Int32 index) [0x00000] in <filename unknown>:0 
  at Selection.getInteraction () [0x00000] in <filename unknown>:0 
  at Selection.Update () [0x00000] in <filename unknown>:0 
 
(Filename:  Line: -1)

open SAPE
 
(Filename: C:/buildslave/unity/build/artifacts/generated/common/runtime/DebugBindings.gen.cpp Line: 51)

ArgumentOutOfRangeException: Argument is out of range.
Parameter name: index
  at System.Collections.Generic.List`1[BaseState].get_Item (Int32 index) [0x00000] in <filename unknown>:0 
  at Selection.getInteraction () [0x00000] in <filename unknown>:0 
  at Selection.Update () [0x00000] in <filename unknown>:0 
 
(Filename:  Line: -1)

open SAPE
 
(Filename: C:/buildslave/unity/build/artifacts/generated/common/runtime/DebugBindings.gen.cpp Line: 51)

ArgumentOutOfRangeException: Argument is out of range.
Parameter name: index
  at System.Collections.Generic.List`1[BaseState].get_Item (Int32 index) [0x00000] in <filename unknown>:0 
  at Selection.getInteraction () [0x00000] in <filename unknown>:0 
  at Selection.Update () [0x00000] in <filename unknown>:0 
 
(Filename:  Line: -1)

open SAPE
 
(Filename: C:/buildslave/unity/build/artifacts/generated/common/runtime/DebugBindings.gen.cpp Line: 51)

ArgumentOutOfRangeException: Argument is out of range.
Parameter name: index
  at System.Collections.Generic.List`1[BaseState].get_Item (Int32 index) [0x00000] in <filename unknown>:0 
  at Selection.getInteraction () [0x00000] in <filename unknown>:0 
  at Selection.Update () [0x00000] in <filename unknown>:0 
 
(Filename:  Line: -1)

open SAPE
 
(Filename: C:/buildslave/unity/build/artifacts/generated/common/runtime/DebugBindings.gen.cpp Line: 51)

ArgumentOutOfRangeException: Argument is out of range.
Parameter name: index
  at System.Collections.Generic.List`1[BaseState].get_Item (Int32 index) [0x00000] in <filename unknown>:0 
  at Selection.getInteraction () [0x00000] in <filename unknown>:0 
  at Selection.Update () [0x00000] in <filename unknown>:0 
 
(Filename:  Line: -1)

open SAPE
 
(Filename: C:/buildslave/unity/build/artifacts/generated/common/runtime/DebugBindings.gen.cpp Line: 51)

ArgumentOutOfRangeException: Argument is out of range.
Parameter name: index
  at System.Collections.Generic.List`1[BaseState].get_Item (Int32 index) [0x00000] in <filename unknown>:0 
  at Selection.getInteraction () [0x00000] in <filename unknown>:0 
  at Selection.Update () [0x00000] in <filename unknown>:0 
 
(Filename:  Line: -1)

open SAPE
 
(Filename: C:/buildslave/unity/build/artifacts/generated/common/runtime/DebugBindings.gen.cpp Line: 51)

ArgumentOutOfRangeException: Argument is out of range.
Parameter name: index
  at System.Collections.Generic.List`1[BaseState].get_Item (Int32 index) [0x00000] in <filename unknown>:0 
  at Selection.getInteraction () [0x00000] in <filename unknown>:0 
  at Selection.Update () [0x00000] in <filename unknown>:0 
 
(Filename:  Line: -1)

